[2024-12-17 13:31:36] [info]  [26344] Apache Commons Daemon procrun (1.4.0.0 64-bit) started.
[2024-12-17 13:31:36] [info]  [26344] Running Service 'Tomcat9'...
[2024-12-17 13:31:36] [info]  [26328] Starting service...
[2024-12-17 13:31:37] [info]  [26328] Service started in 1298 milliseconds.
[2024-12-17 14:54:16] [info]  [26344] Service SERVICE_CONTROL_STOP signalled.
[2024-12-17 14:54:16] [info]  [27032] Stopping service...
[2024-12-17 14:54:17] [info]  [27032] Service stop thread completed.
[2024-12-17 14:54:17] [info]  [26344] Run service finished.
[2024-12-17 14:54:17] [info]  [26344] Apache Commons Daemon procrun finished.
[2024-12-17 14:54:23] [info]  [13864] Apache Commons Daemon procrun (1.4.0.0 64-bit) started.
[2024-12-17 14:54:23] [info]  [13864] Running Service 'Tomcat9'...
[2024-12-17 14:54:23] [info]  [ 6696] Starting service...
[2024-12-17 14:54:25] [info]  [ 6696] Service started in 1081 milliseconds.
[2024-12-17 15:31:23] [info]  [13864] Service SERVICE_CONTROL_STOP signalled.
[2024-12-17 15:31:23] [info]  [23344] Stopping service...
[2024-12-17 15:31:24] [info]  [23344] Service stop thread completed.
[2024-12-17 15:31:24] [info]  [13864] Run service finished.
[2024-12-17 15:31:24] [info]  [13864] Apache Commons Daemon procrun finished.
[2024-12-17 15:31:29] [info]  [20316] Apache Commons Daemon procrun (1.4.0.0 64-bit) started.
[2024-12-17 15:31:29] [info]  [20316] Running Service 'Tomcat9'...
[2024-12-17 15:31:29] [info]  [ 5268] Starting service...
[2024-12-17 15:31:30] [info]  [ 5268] Service started in 1245 milliseconds.
[2024-12-17 15:35:50] [info]  [27428] Console CTRL+BREAK event signaled.
[2024-12-17 15:35:59] [info]  [20316] Service SERVICE_CONTROL_STOP signalled.
[2024-12-17 15:35:59] [info]  [20012] Stopping service...
[2024-12-17 15:36:00] [info]  [20012] Service stop thread completed.
[2024-12-17 15:36:00] [info]  [20316] Run service finished.
[2024-12-17 15:36:00] [info]  [20316] Apache Commons Daemon procrun finished.
[2024-12-17 15:36:07] [info]  [27056] Apache Commons Daemon procrun (1.4.0.0 64-bit) started.
[2024-12-17 15:36:07] [info]  [27056] Running Service 'Tomcat9'...
[2024-12-17 15:36:07] [info]  [17980] Starting service...
[2024-12-17 15:36:08] [info]  [17980] Service started in 1088 milliseconds.
[2024-12-17 15:37:55] [info]  [27056] Service SERVICE_CONTROL_STOP signalled.
[2024-12-17 15:37:55] [info]  [21732] Stopping service...
[2024-12-17 15:37:56] [info]  [21732] Service stop thread completed.
[2024-12-17 15:37:56] [info]  [27056] Run service finished.
[2024-12-17 15:37:56] [info]  [27056] Apache Commons Daemon procrun finished.
[2024-12-17 15:38:00] [info]  [ 9564] Apache Commons Daemon procrun (1.4.0.0 64-bit) started.
[2024-12-17 15:38:00] [info]  [ 9564] Running Service 'Tomcat9'...
[2024-12-17 15:38:00] [info]  [ 1684] Starting service...
[2024-12-17 15:38:01] [info]  [ 1684] Service started in 1083 milliseconds.
[2024-12-17 15:39:09] [info]  [ 9564] Service SERVICE_CONTROL_STOP signalled.
[2024-12-17 15:39:09] [info]  [26676] Stopping service...
[2024-12-17 15:39:10] [info]  [26676] Service stop thread completed.
[2024-12-17 15:39:10] [info]  [ 9564] Run service finished.
[2024-12-17 15:39:10] [info]  [ 9564] Apache Commons Daemon procrun finished.
[2024-12-17 15:39:14] [info]  [27568] Apache Commons Daemon procrun (1.4.0.0 64-bit) started.
[2024-12-17 15:39:14] [info]  [27568] Running Service 'Tomcat9'...
[2024-12-17 15:39:14] [info]  [25804] Starting service...
[2024-12-17 15:39:15] [info]  [25804] Service started in 1084 milliseconds.
[2024-12-17 15:41:03] [info]  [27568] Service SERVICE_CONTROL_STOP signalled.
[2024-12-17 15:41:03] [info]  [20288] Stopping service...
[2024-12-17 15:41:04] [info]  [20288] Service stop thread completed.
[2024-12-17 15:41:04] [info]  [27568] Run service finished.
[2024-12-17 15:41:04] [info]  [27568] Apache Commons Daemon procrun finished.
[2024-12-17 15:41:13] [info]  [24844] Apache Commons Daemon procrun (1.4.0.0 64-bit) started.
[2024-12-17 15:41:13] [info]  [24844] Running Service 'Tomcat9'...
[2024-12-17 15:41:13] [info]  [26356] Starting service...
[2024-12-17 15:41:14] [info]  [26356] Service started in 1080 milliseconds.
